[13-Nov-2020 12:48:42 UTC] PHP Warning:  file_exists(): open_basedir restriction in effect. File(C:\webspace\tienganhmoingay.com.vn\httpdocs/../storage/framework/maintenance.php) is not within the allowed path(s): (C:/webspace/tienganhmoingay.com.vn\;C:\Windows\Temp\) in C:\webspace\tienganhmoingay.com.vn\httpdocs\index.php on line 19
[13-Nov-2020 12:48:42 UTC] PHP Warning:  require(): open_basedir restriction in effect. File(C:\webspace\tienganhmoingay.com.vn\httpdocs/../vendor/autoload.php) is not within the allowed path(s): (C:/webspace/tienganhmoingay.com.vn\;C:\Windows\Temp\) in C:\webspace\tienganhmoingay.com.vn\httpdocs\index.php on line 34
[13-Nov-2020 12:48:42 UTC] PHP Warning:  require(C:\webspace\tienganhmoingay.com.vn\httpdocs/../vendor/autoload.php): failed to open stream: Operation not permitted in C:\webspace\tienganhmoingay.com.vn\httpdocs\index.php on line 34
[13-Nov-2020 12:48:42 UTC] PHP Fatal error:  require(): Failed opening required 'C:\webspace\tienganhmoingay.com.vn\httpdocs/../vendor/autoload.php' (include_path='.;.\includes;.\pear') in C:\webspace\tienganhmoingay.com.vn\httpdocs\index.php on line 34
[13-Nov-2020 12:48:43 UTC] PHP Warning:  file_exists(): open_basedir restriction in effect. File(C:\webspace\tienganhmoingay.com.vn\httpdocs/../storage/framework/maintenance.php) is not within the allowed path(s): (C:/webspace/tienganhmoingay.com.vn\;C:\Windows\Temp\) in C:\webspace\tienganhmoingay.com.vn\httpdocs\index.php on line 19
[13-Nov-2020 12:48:43 UTC] PHP Warning:  require(): open_basedir restriction in effect. File(C:\webspace\tienganhmoingay.com.vn\httpdocs/../vendor/autoload.php) is not within the allowed path(s): (C:/webspace/tienganhmoingay.com.vn\;C:\Windows\Temp\) in C:\webspace\tienganhmoingay.com.vn\httpdocs\index.php on line 34
[13-Nov-2020 12:48:43 UTC] PHP Warning:  require(C:\webspace\tienganhmoingay.com.vn\httpdocs/../vendor/autoload.php): failed to open stream: Operation not permitted in C:\webspace\tienganhmoingay.com.vn\httpdocs\index.php on line 34
[13-Nov-2020 12:48:43 UTC] PHP Fatal error:  require(): Failed opening required 'C:\webspace\tienganhmoingay.com.vn\httpdocs/../vendor/autoload.php' (include_path='.;.\includes;.\pear') in C:\webspace\tienganhmoingay.com.vn\httpdocs\index.php on line 34
[13-Nov-2020 12:48:44 UTC] PHP Warning:  file_exists(): open_basedir restriction in effect. File(C:\webspace\tienganhmoingay.com.vn\httpdocs/../storage/framework/maintenance.php) is not within the allowed path(s): (C:/webspace/tienganhmoingay.com.vn\;C:\Windows\Temp\) in C:\webspace\tienganhmoingay.com.vn\httpdocs\index.php on line 19
[13-Nov-2020 12:48:44 UTC] PHP Warning:  require(): open_basedir restriction in effect. File(C:\webspace\tienganhmoingay.com.vn\httpdocs/../vendor/autoload.php) is not within the allowed path(s): (C:/webspace/tienganhmoingay.com.vn\;C:\Windows\Temp\) in C:\webspace\tienganhmoingay.com.vn\httpdocs\index.php on line 34
[13-Nov-2020 12:48:44 UTC] PHP Warning:  require(C:\webspace\tienganhmoingay.com.vn\httpdocs/../vendor/autoload.php): failed to open stream: Operation not permitted in C:\webspace\tienganhmoingay.com.vn\httpdocs\index.php on line 34
[13-Nov-2020 12:48:44 UTC] PHP Fatal error:  require(): Failed opening required 'C:\webspace\tienganhmoingay.com.vn\httpdocs/../vendor/autoload.php' (include_path='.;.\includes;.\pear') in C:\webspace\tienganhmoingay.com.vn\httpdocs\index.php on line 34
[13-Nov-2020 12:50:47 UTC] PHP Warning:  file_exists(): open_basedir restriction in effect. File(C:\webspace\tienganhmoingay.com.vn\httpdocs/../storage/framework/maintenance.php) is not within the allowed path(s): (C:/webspace/tienganhmoingay.com.vn\;C:\Windows\Temp\) in C:\webspace\tienganhmoingay.com.vn\httpdocs\index.php on line 19
[13-Nov-2020 12:50:47 UTC] PHP Warning:  require(): open_basedir restriction in effect. File(C:\webspace\tienganhmoingay.com.vn\httpdocs/../vendor/autoload.php) is not within the allowed path(s): (C:/webspace/tienganhmoingay.com.vn\;C:\Windows\Temp\) in C:\webspace\tienganhmoingay.com.vn\httpdocs\index.php on line 34
[13-Nov-2020 12:50:47 UTC] PHP Warning:  require(C:\webspace\tienganhmoingay.com.vn\httpdocs/../vendor/autoload.php): failed to open stream: Operation not permitted in C:\webspace\tienganhmoingay.com.vn\httpdocs\index.php on line 34
[13-Nov-2020 12:50:47 UTC] PHP Fatal error:  require(): Failed opening required 'C:\webspace\tienganhmoingay.com.vn\httpdocs/../vendor/autoload.php' (include_path='.;.\includes;.\pear') in C:\webspace\tienganhmoingay.com.vn\httpdocs\index.php on line 34
[13-Nov-2020 12:50:48 UTC] PHP Warning:  file_exists(): open_basedir restriction in effect. File(C:\webspace\tienganhmoingay.com.vn\httpdocs/../storage/framework/maintenance.php) is not within the allowed path(s): (C:/webspace/tienganhmoingay.com.vn\;C:\Windows\Temp\) in C:\webspace\tienganhmoingay.com.vn\httpdocs\index.php on line 19
[13-Nov-2020 12:50:48 UTC] PHP Warning:  require(): open_basedir restriction in effect. File(C:\webspace\tienganhmoingay.com.vn\httpdocs/../vendor/autoload.php) is not within the allowed path(s): (C:/webspace/tienganhmoingay.com.vn\;C:\Windows\Temp\) in C:\webspace\tienganhmoingay.com.vn\httpdocs\index.php on line 34
[13-Nov-2020 12:50:48 UTC] PHP Warning:  require(C:\webspace\tienganhmoingay.com.vn\httpdocs/../vendor/autoload.php): failed to open stream: Operation not permitted in C:\webspace\tienganhmoingay.com.vn\httpdocs\index.php on line 34
[13-Nov-2020 12:50:48 UTC] PHP Fatal error:  require(): Failed opening required 'C:\webspace\tienganhmoingay.com.vn\httpdocs/../vendor/autoload.php' (include_path='.;.\includes;.\pear') in C:\webspace\tienganhmoingay.com.vn\httpdocs\index.php on line 34
[14-Nov-2020 00:25:20 UTC] PHP Warning:  file_exists(): open_basedir restriction in effect. File(C:\webspace\tienganhmoingay.com.vn\httpdocs/../storage/framework/maintenance.php) is not within the allowed path(s): (C:/webspace/tienganhmoingay.com.vn\;C:\Windows\Temp\) in C:\webspace\tienganhmoingay.com.vn\httpdocs\index.php on line 19
[14-Nov-2020 00:25:20 UTC] PHP Warning:  require(): open_basedir restriction in effect. File(C:\webspace\tienganhmoingay.com.vn\httpdocs/../vendor/autoload.php) is not within the allowed path(s): (C:/webspace/tienganhmoingay.com.vn\;C:\Windows\Temp\) in C:\webspace\tienganhmoingay.com.vn\httpdocs\index.php on line 34
[14-Nov-2020 00:25:20 UTC] PHP Warning:  require(C:\webspace\tienganhmoingay.com.vn\httpdocs/../vendor/autoload.php): failed to open stream: Operation not permitted in C:\webspace\tienganhmoingay.com.vn\httpdocs\index.php on line 34
[14-Nov-2020 00:25:20 UTC] PHP Fatal error:  require(): Failed opening required 'C:\webspace\tienganhmoingay.com.vn\httpdocs/../vendor/autoload.php' (include_path='.;.\includes;.\pear') in C:\webspace\tienganhmoingay.com.vn\httpdocs\index.php on line 34
[14-Nov-2020 00:25:21 UTC] PHP Warning:  file_exists(): open_basedir restriction in effect. File(C:\webspace\tienganhmoingay.com.vn\httpdocs/../storage/framework/maintenance.php) is not within the allowed path(s): (C:/webspace/tienganhmoingay.com.vn\;C:\Windows\Temp\) in C:\webspace\tienganhmoingay.com.vn\httpdocs\index.php on line 19
[14-Nov-2020 00:25:21 UTC] PHP Warning:  require(): open_basedir restriction in effect. File(C:\webspace\tienganhmoingay.com.vn\httpdocs/../vendor/autoload.php) is not within the allowed path(s): (C:/webspace/tienganhmoingay.com.vn\;C:\Windows\Temp\) in C:\webspace\tienganhmoingay.com.vn\httpdocs\index.php on line 34
[14-Nov-2020 00:25:21 UTC] PHP Warning:  require(C:\webspace\tienganhmoingay.com.vn\httpdocs/../vendor/autoload.php): failed to open stream: Operation not permitted in C:\webspace\tienganhmoingay.com.vn\httpdocs\index.php on line 34
[14-Nov-2020 00:25:21 UTC] PHP Fatal error:  require(): Failed opening required 'C:\webspace\tienganhmoingay.com.vn\httpdocs/../vendor/autoload.php' (include_path='.;.\includes;.\pear') in C:\webspace\tienganhmoingay.com.vn\httpdocs\index.php on line 34
[14-Nov-2020 00:25:22 UTC] PHP Warning:  file_exists(): open_basedir restriction in effect. File(C:\webspace\tienganhmoingay.com.vn\httpdocs/../storage/framework/maintenance.php) is not within the allowed path(s): (C:/webspace/tienganhmoingay.com.vn\;C:\Windows\Temp\) in C:\webspace\tienganhmoingay.com.vn\httpdocs\index.php on line 19
[14-Nov-2020 00:25:22 UTC] PHP Warning:  require(): open_basedir restriction in effect. File(C:\webspace\tienganhmoingay.com.vn\httpdocs/../vendor/autoload.php) is not within the allowed path(s): (C:/webspace/tienganhmoingay.com.vn\;C:\Windows\Temp\) in C:\webspace\tienganhmoingay.com.vn\httpdocs\index.php on line 34
[14-Nov-2020 00:25:22 UTC] PHP Warning:  require(C:\webspace\tienganhmoingay.com.vn\httpdocs/../vendor/autoload.php): failed to open stream: Operation not permitted in C:\webspace\tienganhmoingay.com.vn\httpdocs\index.php on line 34
[14-Nov-2020 00:25:22 UTC] PHP Fatal error:  require(): Failed opening required 'C:\webspace\tienganhmoingay.com.vn\httpdocs/../vendor/autoload.php' (include_path='.;.\includes;.\pear') in C:\webspace\tienganhmoingay.com.vn\httpdocs\index.php on line 34
[14-Nov-2020 00:25:22 UTC] PHP Warning:  file_exists(): open_basedir restriction in effect. File(C:\webspace\tienganhmoingay.com.vn\httpdocs/../storage/framework/maintenance.php) is not within the allowed path(s): (C:/webspace/tienganhmoingay.com.vn\;C:\Windows\Temp\) in C:\webspace\tienganhmoingay.com.vn\httpdocs\index.php on line 19
[14-Nov-2020 00:25:22 UTC] PHP Warning:  require(): open_basedir restriction in effect. File(C:\webspace\tienganhmoingay.com.vn\httpdocs/../vendor/autoload.php) is not within the allowed path(s): (C:/webspace/tienganhmoingay.com.vn\;C:\Windows\Temp\) in C:\webspace\tienganhmoingay.com.vn\httpdocs\index.php on line 34
[14-Nov-2020 00:25:22 UTC] PHP Warning:  require(C:\webspace\tienganhmoingay.com.vn\httpdocs/../vendor/autoload.php): failed to open stream: Operation not permitted in C:\webspace\tienganhmoingay.com.vn\httpdocs\index.php on line 34
[14-Nov-2020 00:25:22 UTC] PHP Fatal error:  require(): Failed opening required 'C:\webspace\tienganhmoingay.com.vn\httpdocs/../vendor/autoload.php' (include_path='.;.\includes;.\pear') in C:\webspace\tienganhmoingay.com.vn\httpdocs\index.php on line 34
[14-Nov-2020 00:25:23 UTC] PHP Warning:  file_exists(): open_basedir restriction in effect. File(C:\webspace\tienganhmoingay.com.vn\httpdocs/../storage/framework/maintenance.php) is not within the allowed path(s): (C:/webspace/tienganhmoingay.com.vn\;C:\Windows\Temp\) in C:\webspace\tienganhmoingay.com.vn\httpdocs\index.php on line 19
[14-Nov-2020 00:25:23 UTC] PHP Warning:  require(): open_basedir restriction in effect. File(C:\webspace\tienganhmoingay.com.vn\httpdocs/../vendor/autoload.php) is not within the allowed path(s): (C:/webspace/tienganhmoingay.com.vn\;C:\Windows\Temp\) in C:\webspace\tienganhmoingay.com.vn\httpdocs\index.php on line 34
[14-Nov-2020 00:25:23 UTC] PHP Warning:  require(C:\webspace\tienganhmoingay.com.vn\httpdocs/../vendor/autoload.php): failed to open stream: Operation not permitted in C:\webspace\tienganhmoingay.com.vn\httpdocs\index.php on line 34
[14-Nov-2020 00:25:23 UTC] PHP Fatal error:  require(): Failed opening required 'C:\webspace\tienganhmoingay.com.vn\httpdocs/../vendor/autoload.php' (include_path='.;.\includes;.\pear') in C:\webspace\tienganhmoingay.com.vn\httpdocs\index.php on line 34
[14-Nov-2020 00:25:23 UTC] PHP Warning:  file_exists(): open_basedir restriction in effect. File(C:\webspace\tienganhmoingay.com.vn\httpdocs/../storage/framework/maintenance.php) is not within the allowed path(s): (C:/webspace/tienganhmoingay.com.vn\;C:\Windows\Temp\) in C:\webspace\tienganhmoingay.com.vn\httpdocs\index.php on line 19
[14-Nov-2020 00:25:23 UTC] PHP Warning:  require(): open_basedir restriction in effect. File(C:\webspace\tienganhmoingay.com.vn\httpdocs/../vendor/autoload.php) is not within the allowed path(s): (C:/webspace/tienganhmoingay.com.vn\;C:\Windows\Temp\) in C:\webspace\tienganhmoingay.com.vn\httpdocs\index.php on line 34
[14-Nov-2020 00:25:23 UTC] PHP Warning:  require(C:\webspace\tienganhmoingay.com.vn\httpdocs/../vendor/autoload.php): failed to open stream: Operation not permitted in C:\webspace\tienganhmoingay.com.vn\httpdocs\index.php on line 34
[14-Nov-2020 00:25:23 UTC] PHP Fatal error:  require(): Failed opening required 'C:\webspace\tienganhmoingay.com.vn\httpdocs/../vendor/autoload.php' (include_path='.;.\includes;.\pear') in C:\webspace\tienganhmoingay.com.vn\httpdocs\index.php on line 34
[14-Nov-2020 00:25:23 UTC] PHP Warning:  file_exists(): open_basedir restriction in effect. File(C:\webspace\tienganhmoingay.com.vn\httpdocs/../storage/framework/maintenance.php) is not within the allowed path(s): (C:/webspace/tienganhmoingay.com.vn\;C:\Windows\Temp\) in C:\webspace\tienganhmoingay.com.vn\httpdocs\index.php on line 19
[14-Nov-2020 00:25:23 UTC] PHP Warning:  require(): open_basedir restriction in effect. File(C:\webspace\tienganhmoingay.com.vn\httpdocs/../vendor/autoload.php) is not within the allowed path(s): (C:/webspace/tienganhmoingay.com.vn\;C:\Windows\Temp\) in C:\webspace\tienganhmoingay.com.vn\httpdocs\index.php on line 34
[14-Nov-2020 00:25:23 UTC] PHP Warning:  require(C:\webspace\tienganhmoingay.com.vn\httpdocs/../vendor/autoload.php): failed to open stream: Operation not permitted in C:\webspace\tienganhmoingay.com.vn\httpdocs\index.php on line 34
[14-Nov-2020 00:25:24 UTC] PHP Fatal error:  require(): Failed opening required 'C:\webspace\tienganhmoingay.com.vn\httpdocs/../vendor/autoload.php' (include_path='.;.\includes;.\pear') in C:\webspace\tienganhmoingay.com.vn\httpdocs\index.php on line 34
[14-Nov-2020 00:25:24 UTC] PHP Warning:  file_exists(): open_basedir restriction in effect. File(C:\webspace\tienganhmoingay.com.vn\httpdocs/../storage/framework/maintenance.php) is not within the allowed path(s): (C:/webspace/tienganhmoingay.com.vn\;C:\Windows\Temp\) in C:\webspace\tienganhmoingay.com.vn\httpdocs\index.php on line 19
[14-Nov-2020 00:25:24 UTC] PHP Warning:  require(): open_basedir restriction in effect. File(C:\webspace\tienganhmoingay.com.vn\httpdocs/../vendor/autoload.php) is not within the allowed path(s): (C:/webspace/tienganhmoingay.com.vn\;C:\Windows\Temp\) in C:\webspace\tienganhmoingay.com.vn\httpdocs\index.php on line 34
[14-Nov-2020 00:25:24 UTC] PHP Warning:  require(C:\webspace\tienganhmoingay.com.vn\httpdocs/../vendor/autoload.php): failed to open stream: Operation not permitted in C:\webspace\tienganhmoingay.com.vn\httpdocs\index.php on line 34
[14-Nov-2020 00:25:24 UTC] PHP Fatal error:  require(): Failed opening required 'C:\webspace\tienganhmoingay.com.vn\httpdocs/../vendor/autoload.php' (include_path='.;.\includes;.\pear') in C:\webspace\tienganhmoingay.com.vn\httpdocs\index.php on line 34
[14-Nov-2020 00:27:24 UTC] PHP Warning:  file_exists(): open_basedir restriction in effect. File(C:\webspace\tienganhmoingay.com.vn\httpdocs/../storage/framework/maintenance.php) is not within the allowed path(s): (C:/webspace/tienganhmoingay.com.vn\;C:\Windows\Temp\) in C:\webspace\tienganhmoingay.com.vn\httpdocs\index.php on line 19
[14-Nov-2020 00:27:24 UTC] PHP Warning:  require(): open_basedir restriction in effect. File(C:\webspace\tienganhmoingay.com.vn\httpdocs/../vendor/autoload.php) is not within the allowed path(s): (C:/webspace/tienganhmoingay.com.vn\;C:\Windows\Temp\) in C:\webspace\tienganhmoingay.com.vn\httpdocs\index.php on line 34
[14-Nov-2020 00:27:24 UTC] PHP Warning:  require(C:\webspace\tienganhmoingay.com.vn\httpdocs/../vendor/autoload.php): failed to open stream: Operation not permitted in C:\webspace\tienganhmoingay.com.vn\httpdocs\index.php on line 34
[14-Nov-2020 00:27:24 UTC] PHP Fatal error:  require(): Failed opening required 'C:\webspace\tienganhmoingay.com.vn\httpdocs/../vendor/autoload.php' (include_path='.;.\includes;.\pear') in C:\webspace\tienganhmoingay.com.vn\httpdocs\index.php on line 34
[14-Nov-2020 00:27:25 UTC] PHP Warning:  file_exists(): open_basedir restriction in effect. File(C:\webspace\tienganhmoingay.com.vn\httpdocs/../storage/framework/maintenance.php) is not within the allowed path(s): (C:/webspace/tienganhmoingay.com.vn\;C:\Windows\Temp\) in C:\webspace\tienganhmoingay.com.vn\httpdocs\index.php on line 19
[14-Nov-2020 00:27:25 UTC] PHP Warning:  require(): open_basedir restriction in effect. File(C:\webspace\tienganhmoingay.com.vn\httpdocs/../vendor/autoload.php) is not within the allowed path(s): (C:/webspace/tienganhmoingay.com.vn\;C:\Windows\Temp\) in C:\webspace\tienganhmoingay.com.vn\httpdocs\index.php on line 34
[14-Nov-2020 00:27:25 UTC] PHP Warning:  require(C:\webspace\tienganhmoingay.com.vn\httpdocs/../vendor/autoload.php): failed to open stream: Operation not permitted in C:\webspace\tienganhmoingay.com.vn\httpdocs\index.php on line 34
[14-Nov-2020 00:27:25 UTC] PHP Fatal error:  require(): Failed opening required 'C:\webspace\tienganhmoingay.com.vn\httpdocs/../vendor/autoload.php' (include_path='.;.\includes;.\pear') in C:\webspace\tienganhmoingay.com.vn\httpdocs\index.php on line 34
[14-Nov-2020 00:27:25 UTC] PHP Warning:  file_exists(): open_basedir restriction in effect. File(C:\webspace\tienganhmoingay.com.vn\httpdocs/../storage/framework/maintenance.php) is not within the allowed path(s): (C:/webspace/tienganhmoingay.com.vn\;C:\Windows\Temp\) in C:\webspace\tienganhmoingay.com.vn\httpdocs\index.php on line 19
[14-Nov-2020 00:27:25 UTC] PHP Warning:  require(): open_basedir restriction in effect. File(C:\webspace\tienganhmoingay.com.vn\httpdocs/../vendor/autoload.php) is not within the allowed path(s): (C:/webspace/tienganhmoingay.com.vn\;C:\Windows\Temp\) in C:\webspace\tienganhmoingay.com.vn\httpdocs\index.php on line 34
[14-Nov-2020 00:27:25 UTC] PHP Warning:  require(C:\webspace\tienganhmoingay.com.vn\httpdocs/../vendor/autoload.php): failed to open stream: Operation not permitted in C:\webspace\tienganhmoingay.com.vn\httpdocs\index.php on line 34
[14-Nov-2020 00:27:25 UTC] PHP Fatal error:  require(): Failed opening required 'C:\webspace\tienganhmoingay.com.vn\httpdocs/../vendor/autoload.php' (include_path='.;.\includes;.\pear') in C:\webspace\tienganhmoingay.com.vn\httpdocs\index.php on line 34
[14-Nov-2020 00:27:25 UTC] PHP Warning:  file_exists(): open_basedir restriction in effect. File(C:\webspace\tienganhmoingay.com.vn\httpdocs/../storage/framework/maintenance.php) is not within the allowed path(s): (C:/webspace/tienganhmoingay.com.vn\;C:\Windows\Temp\) in C:\webspace\tienganhmoingay.com.vn\httpdocs\index.php on line 19
[14-Nov-2020 00:27:25 UTC] PHP Warning:  require(): open_basedir restriction in effect. File(C:\webspace\tienganhmoingay.com.vn\httpdocs/../vendor/autoload.php) is not within the allowed path(s): (C:/webspace/tienganhmoingay.com.vn\;C:\Windows\Temp\) in C:\webspace\tienganhmoingay.com.vn\httpdocs\index.php on line 34
[14-Nov-2020 00:27:25 UTC] PHP Warning:  require(C:\webspace\tienganhmoingay.com.vn\httpdocs/../vendor/autoload.php): failed to open stream: Operation not permitted in C:\webspace\tienganhmoingay.com.vn\httpdocs\index.php on line 34
[14-Nov-2020 00:27:25 UTC] PHP Fatal error:  require(): Failed opening required 'C:\webspace\tienganhmoingay.com.vn\httpdocs/../vendor/autoload.php' (include_path='.;.\includes;.\pear') in C:\webspace\tienganhmoingay.com.vn\httpdocs\index.php on line 34
[14-Nov-2020 00:27:26 UTC] PHP Warning:  file_exists(): open_basedir restriction in effect. File(C:\webspace\tienganhmoingay.com.vn\httpdocs/../storage/framework/maintenance.php) is not within the allowed path(s): (C:/webspace/tienganhmoingay.com.vn\;C:\Windows\Temp\) in C:\webspace\tienganhmoingay.com.vn\httpdocs\index.php on line 19
[14-Nov-2020 00:27:26 UTC] PHP Warning:  require(): open_basedir restriction in effect. File(C:\webspace\tienganhmoingay.com.vn\httpdocs/../vendor/autoload.php) is not within the allowed path(s): (C:/webspace/tienganhmoingay.com.vn\;C:\Windows\Temp\) in C:\webspace\tienganhmoingay.com.vn\httpdocs\index.php on line 34
[14-Nov-2020 00:27:26 UTC] PHP Warning:  require(C:\webspace\tienganhmoingay.com.vn\httpdocs/../vendor/autoload.php): failed to open stream: Operation not permitted in C:\webspace\tienganhmoingay.com.vn\httpdocs\index.php on line 34
[14-Nov-2020 00:27:26 UTC] PHP Fatal error:  require(): Failed opening required 'C:\webspace\tienganhmoingay.com.vn\httpdocs/../vendor/autoload.php' (include_path='.;.\includes;.\pear') in C:\webspace\tienganhmoingay.com.vn\httpdocs\index.php on line 34
[14-Nov-2020 00:27:26 UTC] PHP Warning:  file_exists(): open_basedir restriction in effect. File(C:\webspace\tienganhmoingay.com.vn\httpdocs/../storage/framework/maintenance.php) is not within the allowed path(s): (C:/webspace/tienganhmoingay.com.vn\;C:\Windows\Temp\) in C:\webspace\tienganhmoingay.com.vn\httpdocs\index.php on line 19
[14-Nov-2020 00:27:26 UTC] PHP Warning:  require(): open_basedir restriction in effect. File(C:\webspace\tienganhmoingay.com.vn\httpdocs/../vendor/autoload.php) is not within the allowed path(s): (C:/webspace/tienganhmoingay.com.vn\;C:\Windows\Temp\) in C:\webspace\tienganhmoingay.com.vn\httpdocs\index.php on line 34
[14-Nov-2020 00:27:26 UTC] PHP Warning:  require(C:\webspace\tienganhmoingay.com.vn\httpdocs/../vendor/autoload.php): failed to open stream: Operation not permitted in C:\webspace\tienganhmoingay.com.vn\httpdocs\index.php on line 34
[14-Nov-2020 00:27:26 UTC] PHP Fatal error:  require(): Failed opening required 'C:\webspace\tienganhmoingay.com.vn\httpdocs/../vendor/autoload.php' (include_path='.;.\includes;.\pear') in C:\webspace\tienganhmoingay.com.vn\httpdocs\index.php on line 34
[14-Nov-2020 03:06:51 UTC] PHP Warning:  file_exists(): open_basedir restriction in effect. File(C:\webspace\tienganhmoingay.com.vn\httpdocs/../storage/framework/maintenance.php) is not within the allowed path(s): (C:/webspace/tienganhmoingay.com.vn\;C:\Windows\Temp\) in C:\webspace\tienganhmoingay.com.vn\httpdocs\index.php on line 19
[14-Nov-2020 03:06:51 UTC] PHP Warning:  require(): open_basedir restriction in effect. File(C:\webspace\tienganhmoingay.com.vn\httpdocs/../vendor/autoload.php) is not within the allowed path(s): (C:/webspace/tienganhmoingay.com.vn\;C:\Windows\Temp\) in C:\webspace\tienganhmoingay.com.vn\httpdocs\index.php on line 34
[14-Nov-2020 03:06:51 UTC] PHP Warning:  require(C:\webspace\tienganhmoingay.com.vn\httpdocs/../vendor/autoload.php): failed to open stream: Operation not permitted in C:\webspace\tienganhmoingay.com.vn\httpdocs\index.php on line 34
[14-Nov-2020 03:06:51 UTC] PHP Fatal error:  require(): Failed opening required 'C:\webspace\tienganhmoingay.com.vn\httpdocs/../vendor/autoload.php' (include_path='.;.\includes;.\pear') in C:\webspace\tienganhmoingay.com.vn\httpdocs\index.php on line 34
[14-Nov-2020 03:15:23 UTC] PHP Warning:  file_exists(): open_basedir restriction in effect. File(C:\webspace\tienganhmoingay.com.vn\httpdocs/../storage/framework/maintenance.php) is not within the allowed path(s): (C:/webspace/tienganhmoingay.com.vn\;C:\Windows\Temp\) in C:\webspace\tienganhmoingay.com.vn\httpdocs\index.php on line 19
[14-Nov-2020 03:15:23 UTC] PHP Warning:  require(): open_basedir restriction in effect. File(C:\webspace\tienganhmoingay.com.vn\httpdocs/../vendor/autoload.php) is not within the allowed path(s): (C:/webspace/tienganhmoingay.com.vn\;C:\Windows\Temp\) in C:\webspace\tienganhmoingay.com.vn\httpdocs\index.php on line 34
[14-Nov-2020 03:15:23 UTC] PHP Warning:  require(C:\webspace\tienganhmoingay.com.vn\httpdocs/../vendor/autoload.php): failed to open stream: Operation not permitted in C:\webspace\tienganhmoingay.com.vn\httpdocs\index.php on line 34
[14-Nov-2020 03:15:23 UTC] PHP Fatal error:  require(): Failed opening required 'C:\webspace\tienganhmoingay.com.vn\httpdocs/../vendor/autoload.php' (include_path='.;.\includes;.\pear') in C:\webspace\tienganhmoingay.com.vn\httpdocs\index.php on line 34
[14-Nov-2020 03:15:25 UTC] PHP Warning:  file_exists(): open_basedir restriction in effect. File(C:\webspace\tienganhmoingay.com.vn\httpdocs/../storage/framework/maintenance.php) is not within the allowed path(s): (C:/webspace/tienganhmoingay.com.vn\;C:\Windows\Temp\) in C:\webspace\tienganhmoingay.com.vn\httpdocs\index.php on line 19
[14-Nov-2020 03:15:25 UTC] PHP Warning:  require(): open_basedir restriction in effect. File(C:\webspace\tienganhmoingay.com.vn\httpdocs/../vendor/autoload.php) is not within the allowed path(s): (C:/webspace/tienganhmoingay.com.vn\;C:\Windows\Temp\) in C:\webspace\tienganhmoingay.com.vn\httpdocs\index.php on line 34
[14-Nov-2020 03:15:25 UTC] PHP Warning:  require(C:\webspace\tienganhmoingay.com.vn\httpdocs/../vendor/autoload.php): failed to open stream: Operation not permitted in C:\webspace\tienganhmoingay.com.vn\httpdocs\index.php on line 34
[14-Nov-2020 03:15:25 UTC] PHP Fatal error:  require(): Failed opening required 'C:\webspace\tienganhmoingay.com.vn\httpdocs/../vendor/autoload.php' (include_path='.;.\includes;.\pear') in C:\webspace\tienganhmoingay.com.vn\httpdocs\index.php on line 34
[14-Nov-2020 03:15:26 UTC] PHP Warning:  file_exists(): open_basedir restriction in effect. File(C:\webspace\tienganhmoingay.com.vn\httpdocs/../storage/framework/maintenance.php) is not within the allowed path(s): (C:/webspace/tienganhmoingay.com.vn\;C:\Windows\Temp\) in C:\webspace\tienganhmoingay.com.vn\httpdocs\index.php on line 19
[14-Nov-2020 03:15:26 UTC] PHP Warning:  require(): open_basedir restriction in effect. File(C:\webspace\tienganhmoingay.com.vn\httpdocs/../vendor/autoload.php) is not within the allowed path(s): (C:/webspace/tienganhmoingay.com.vn\;C:\Windows\Temp\) in C:\webspace\tienganhmoingay.com.vn\httpdocs\index.php on line 34
[14-Nov-2020 03:15:26 UTC] PHP Warning:  require(C:\webspace\tienganhmoingay.com.vn\httpdocs/../vendor/autoload.php): failed to open stream: Operation not permitted in C:\webspace\tienganhmoingay.com.vn\httpdocs\index.php on line 34
[14-Nov-2020 03:15:26 UTC] PHP Fatal error:  require(): Failed opening required 'C:\webspace\tienganhmoingay.com.vn\httpdocs/../vendor/autoload.php' (include_path='.;.\includes;.\pear') in C:\webspace\tienganhmoingay.com.vn\httpdocs\index.php on line 34
[14-Nov-2020 03:15:27 UTC] PHP Warning:  file_exists(): open_basedir restriction in effect. File(C:\webspace\tienganhmoingay.com.vn\httpdocs/../storage/framework/maintenance.php) is not within the allowed path(s): (C:/webspace/tienganhmoingay.com.vn\;C:\Windows\Temp\) in C:\webspace\tienganhmoingay.com.vn\httpdocs\index.php on line 19
[14-Nov-2020 03:15:27 UTC] PHP Warning:  require(): open_basedir restriction in effect. File(C:\webspace\tienganhmoingay.com.vn\httpdocs/../vendor/autoload.php) is not within the allowed path(s): (C:/webspace/tienganhmoingay.com.vn\;C:\Windows\Temp\) in C:\webspace\tienganhmoingay.com.vn\httpdocs\index.php on line 34
[14-Nov-2020 03:15:27 UTC] PHP Warning:  require(C:\webspace\tienganhmoingay.com.vn\httpdocs/../vendor/autoload.php): failed to open stream: Operation not permitted in C:\webspace\tienganhmoingay.com.vn\httpdocs\index.php on line 34
[14-Nov-2020 03:15:27 UTC] PHP Fatal error:  require(): Failed opening required 'C:\webspace\tienganhmoingay.com.vn\httpdocs/../vendor/autoload.php' (include_path='.;.\includes;.\pear') in C:\webspace\tienganhmoingay.com.vn\httpdocs\index.php on line 34
[14-Nov-2020 03:15:28 UTC] PHP Warning:  file_exists(): open_basedir restriction in effect. File(C:\webspace\tienganhmoingay.com.vn\httpdocs/../storage/framework/maintenance.php) is not within the allowed path(s): (C:/webspace/tienganhmoingay.com.vn\;C:\Windows\Temp\) in C:\webspace\tienganhmoingay.com.vn\httpdocs\index.php on line 19
[14-Nov-2020 03:15:28 UTC] PHP Warning:  require(): open_basedir restriction in effect. File(C:\webspace\tienganhmoingay.com.vn\httpdocs/../vendor/autoload.php) is not within the allowed path(s): (C:/webspace/tienganhmoingay.com.vn\;C:\Windows\Temp\) in C:\webspace\tienganhmoingay.com.vn\httpdocs\index.php on line 34
[14-Nov-2020 03:15:28 UTC] PHP Warning:  require(C:\webspace\tienganhmoingay.com.vn\httpdocs/../vendor/autoload.php): failed to open stream: Operation not permitted in C:\webspace\tienganhmoingay.com.vn\httpdocs\index.php on line 34
[14-Nov-2020 03:15:28 UTC] PHP Fatal error:  require(): Failed opening required 'C:\webspace\tienganhmoingay.com.vn\httpdocs/../vendor/autoload.php' (include_path='.;.\includes;.\pear') in C:\webspace\tienganhmoingay.com.vn\httpdocs\index.php on line 34
[14-Nov-2020 03:15:29 UTC] PHP Warning:  file_exists(): open_basedir restriction in effect. File(C:\webspace\tienganhmoingay.com.vn\httpdocs/../storage/framework/maintenance.php) is not within the allowed path(s): (C:/webspace/tienganhmoingay.com.vn\;C:\Windows\Temp\) in C:\webspace\tienganhmoingay.com.vn\httpdocs\index.php on line 19
[14-Nov-2020 03:15:29 UTC] PHP Warning:  require(): open_basedir restriction in effect. File(C:\webspace\tienganhmoingay.com.vn\httpdocs/../vendor/autoload.php) is not within the allowed path(s): (C:/webspace/tienganhmoingay.com.vn\;C:\Windows\Temp\) in C:\webspace\tienganhmoingay.com.vn\httpdocs\index.php on line 34
[14-Nov-2020 03:15:29 UTC] PHP Warning:  require(C:\webspace\tienganhmoingay.com.vn\httpdocs/../vendor/autoload.php): failed to open stream: Operation not permitted in C:\webspace\tienganhmoingay.com.vn\httpdocs\index.php on line 34
[14-Nov-2020 03:15:29 UTC] PHP Fatal error:  require(): Failed opening required 'C:\webspace\tienganhmoingay.com.vn\httpdocs/../vendor/autoload.php' (include_path='.;.\includes;.\pear') in C:\webspace\tienganhmoingay.com.vn\httpdocs\index.php on line 34
[14-Nov-2020 03:15:30 UTC] PHP Warning:  file_exists(): open_basedir restriction in effect. File(C:\webspace\tienganhmoingay.com.vn\httpdocs/../storage/framework/maintenance.php) is not within the allowed path(s): (C:/webspace/tienganhmoingay.com.vn\;C:\Windows\Temp\) in C:\webspace\tienganhmoingay.com.vn\httpdocs\index.php on line 19
[14-Nov-2020 03:15:30 UTC] PHP Warning:  require(): open_basedir restriction in effect. File(C:\webspace\tienganhmoingay.com.vn\httpdocs/../vendor/autoload.php) is not within the allowed path(s): (C:/webspace/tienganhmoingay.com.vn\;C:\Windows\Temp\) in C:\webspace\tienganhmoingay.com.vn\httpdocs\index.php on line 34
[14-Nov-2020 03:15:30 UTC] PHP Warning:  require(C:\webspace\tienganhmoingay.com.vn\httpdocs/../vendor/autoload.php): failed to open stream: Operation not permitted in C:\webspace\tienganhmoingay.com.vn\httpdocs\index.php on line 34
[14-Nov-2020 03:15:30 UTC] PHP Fatal error:  require(): Failed opening required 'C:\webspace\tienganhmoingay.com.vn\httpdocs/../vendor/autoload.php' (include_path='.;.\includes;.\pear') in C:\webspace\tienganhmoingay.com.vn\httpdocs\index.php on line 34
[14-Nov-2020 03:48:56 UTC] PHP Warning:  file_exists(): open_basedir restriction in effect. File(C:\webspace\tienganhmoingay.com.vn\httpdocs/../storage/framework/maintenance.php) is not within the allowed path(s): (C:/webspace/tienganhmoingay.com.vn\;C:\Windows\Temp\) in C:\webspace\tienganhmoingay.com.vn\httpdocs\index.php on line 19
[14-Nov-2020 03:48:56 UTC] PHP Warning:  require(): open_basedir restriction in effect. File(C:\webspace\tienganhmoingay.com.vn\httpdocs/../vendor/autoload.php) is not within the allowed path(s): (C:/webspace/tienganhmoingay.com.vn\;C:\Windows\Temp\) in C:\webspace\tienganhmoingay.com.vn\httpdocs\index.php on line 34
[14-Nov-2020 03:48:56 UTC] PHP Warning:  require(C:\webspace\tienganhmoingay.com.vn\httpdocs/../vendor/autoload.php): failed to open stream: Operation not permitted in C:\webspace\tienganhmoingay.com.vn\httpdocs\index.php on line 34
[14-Nov-2020 03:48:56 UTC] PHP Fatal error:  require(): Failed opening required 'C:\webspace\tienganhmoingay.com.vn\httpdocs/../vendor/autoload.php' (include_path='.;.\includes;.\pear') in C:\webspace\tienganhmoingay.com.vn\httpdocs\index.php on line 34
[14-Nov-2020 03:53:35 UTC] PHP Warning:  file_exists(): open_basedir restriction in effect. File(C:\webspace\tienganhmoingay.com.vn\httpdocs/../storage/framework/maintenance.php) is not within the allowed path(s): (C:/webspace/tienganhmoingay.com.vn\;C:\Windows\Temp\) in C:\webspace\tienganhmoingay.com.vn\httpdocs\index.php on line 19
[14-Nov-2020 03:53:35 UTC] PHP Warning:  require(): open_basedir restriction in effect. File(C:\webspace\tienganhmoingay.com.vn\httpdocs/../vendor/autoload.php) is not within the allowed path(s): (C:/webspace/tienganhmoingay.com.vn\;C:\Windows\Temp\) in C:\webspace\tienganhmoingay.com.vn\httpdocs\index.php on line 34
[14-Nov-2020 03:53:35 UTC] PHP Warning:  require(C:\webspace\tienganhmoingay.com.vn\httpdocs/../vendor/autoload.php): failed to open stream: Operation not permitted in C:\webspace\tienganhmoingay.com.vn\httpdocs\index.php on line 34
[14-Nov-2020 03:53:35 UTC] PHP Fatal error:  require(): Failed opening required 'C:\webspace\tienganhmoingay.com.vn\httpdocs/../vendor/autoload.php' (include_path='.;.\includes;.\pear') in C:\webspace\tienganhmoingay.com.vn\httpdocs\index.php on line 34
[14-Nov-2020 04:53:49 UTC] PHP Warning:  file_exists(): open_basedir restriction in effect. File(C:\webspace\tienganhmoingay.com.vn\httpdocs/../storage/framework/maintenance.php) is not within the allowed path(s): (C:/webspace/tienganhmoingay.com.vn\;C:\Windows\Temp\) in C:\webspace\tienganhmoingay.com.vn\httpdocs\index.php on line 19
[14-Nov-2020 04:53:49 UTC] PHP Warning:  require(): open_basedir restriction in effect. File(C:\webspace\tienganhmoingay.com.vn\httpdocs/../vendor/autoload.php) is not within the allowed path(s): (C:/webspace/tienganhmoingay.com.vn\;C:\Windows\Temp\) in C:\webspace\tienganhmoingay.com.vn\httpdocs\index.php on line 34
[14-Nov-2020 04:53:49 UTC] PHP Warning:  require(C:\webspace\tienganhmoingay.com.vn\httpdocs/../vendor/autoload.php): failed to open stream: Operation not permitted in C:\webspace\tienganhmoingay.com.vn\httpdocs\index.php on line 34
[14-Nov-2020 04:53:49 UTC] PHP Fatal error:  require(): Failed opening required 'C:\webspace\tienganhmoingay.com.vn\httpdocs/../vendor/autoload.php' (include_path='.;.\includes;.\pear') in C:\webspace\tienganhmoingay.com.vn\httpdocs\index.php on line 34
[14-Nov-2020 05:29:49 UTC] PHP Warning:  file_exists(): open_basedir restriction in effect. File(C:\webspace\tienganhmoingay.com.vn\httpdocs/../storage/framework/maintenance.php) is not within the allowed path(s): (C:/webspace/tienganhmoingay.com.vn\;C:\Windows\Temp\) in C:\webspace\tienganhmoingay.com.vn\httpdocs\index.php on line 19
[14-Nov-2020 05:29:49 UTC] PHP Warning:  require(): open_basedir restriction in effect. File(C:\webspace\tienganhmoingay.com.vn\httpdocs/../vendor/autoload.php) is not within the allowed path(s): (C:/webspace/tienganhmoingay.com.vn\;C:\Windows\Temp\) in C:\webspace\tienganhmoingay.com.vn\httpdocs\index.php on line 34
[14-Nov-2020 05:29:49 UTC] PHP Warning:  require(C:\webspace\tienganhmoingay.com.vn\httpdocs/../vendor/autoload.php): failed to open stream: Operation not permitted in C:\webspace\tienganhmoingay.com.vn\httpdocs\index.php on line 34
[14-Nov-2020 05:29:49 UTC] PHP Fatal error:  require(): Failed opening required 'C:\webspace\tienganhmoingay.com.vn\httpdocs/../vendor/autoload.php' (include_path='.;.\includes;.\pear') in C:\webspace\tienganhmoingay.com.vn\httpdocs\index.php on line 34
[14-Nov-2020 05:31:45 UTC] PHP Warning:  file_exists(): open_basedir restriction in effect. File(C:\webspace\tienganhmoingay.com.vn\httpdocs/../storage/framework/maintenance.php) is not within the allowed path(s): (C:/webspace/tienganhmoingay.com.vn\;C:\Windows\Temp\) in C:\webspace\tienganhmoingay.com.vn\httpdocs\index.php on line 19
[14-Nov-2020 05:31:45 UTC] PHP Warning:  require(): open_basedir restriction in effect. File(C:\webspace\tienganhmoingay.com.vn\httpdocs/../vendor/autoload.php) is not within the allowed path(s): (C:/webspace/tienganhmoingay.com.vn\;C:\Windows\Temp\) in C:\webspace\tienganhmoingay.com.vn\httpdocs\index.php on line 34
[14-Nov-2020 05:31:45 UTC] PHP Warning:  require(C:\webspace\tienganhmoingay.com.vn\httpdocs/../vendor/autoload.php): failed to open stream: Operation not permitted in C:\webspace\tienganhmoingay.com.vn\httpdocs\index.php on line 34
[14-Nov-2020 05:31:45 UTC] PHP Fatal error:  require(): Failed opening required 'C:\webspace\tienganhmoingay.com.vn\httpdocs/../vendor/autoload.php' (include_path='.;.\includes;.\pear') in C:\webspace\tienganhmoingay.com.vn\httpdocs\index.php on line 34
[14-Nov-2020 05:31:50 UTC] PHP Warning:  file_exists(): open_basedir restriction in effect. File(C:\webspace\tienganhmoingay.com.vn\httpdocs/../storage/framework/maintenance.php) is not within the allowed path(s): (C:/webspace/tienganhmoingay.com.vn\;C:\Windows\Temp\) in C:\webspace\tienganhmoingay.com.vn\httpdocs\index.php on line 19
[14-Nov-2020 05:31:50 UTC] PHP Warning:  require(): open_basedir restriction in effect. File(C:\webspace\tienganhmoingay.com.vn\httpdocs/../vendor/autoload.php) is not within the allowed path(s): (C:/webspace/tienganhmoingay.com.vn\;C:\Windows\Temp\) in C:\webspace\tienganhmoingay.com.vn\httpdocs\index.php on line 34
[14-Nov-2020 05:31:50 UTC] PHP Warning:  require(C:\webspace\tienganhmoingay.com.vn\httpdocs/../vendor/autoload.php): failed to open stream: Operation not permitted in C:\webspace\tienganhmoingay.com.vn\httpdocs\index.php on line 34
[14-Nov-2020 05:31:50 UTC] PHP Fatal error:  require(): Failed opening required 'C:\webspace\tienganhmoingay.com.vn\httpdocs/../vendor/autoload.php' (include_path='.;.\includes;.\pear') in C:\webspace\tienganhmoingay.com.vn\httpdocs\index.php on line 34
[14-Nov-2020 05:38:17 UTC] PHP Warning:  file_exists(): open_basedir restriction in effect. File(C:\webspace\tienganhmoingay.com.vn\httpdocs/../storage/framework/maintenance.php) is not within the allowed path(s): (C:/webspace/tienganhmoingay.com.vn\;C:\Windows\Temp\) in C:\webspace\tienganhmoingay.com.vn\httpdocs\index.php on line 19
[14-Nov-2020 05:38:17 UTC] PHP Warning:  require(): open_basedir restriction in effect. File(C:\webspace\tienganhmoingay.com.vn\httpdocs/../vendor/autoload.php) is not within the allowed path(s): (C:/webspace/tienganhmoingay.com.vn\;C:\Windows\Temp\) in C:\webspace\tienganhmoingay.com.vn\httpdocs\index.php on line 34
[14-Nov-2020 05:38:17 UTC] PHP Warning:  require(C:\webspace\tienganhmoingay.com.vn\httpdocs/../vendor/autoload.php): failed to open stream: Operation not permitted in C:\webspace\tienganhmoingay.com.vn\httpdocs\index.php on line 34
[14-Nov-2020 05:38:17 UTC] PHP Fatal error:  require(): Failed opening required 'C:\webspace\tienganhmoingay.com.vn\httpdocs/../vendor/autoload.php' (include_path='.;.\includes;.\pear') in C:\webspace\tienganhmoingay.com.vn\httpdocs\index.php on line 34
[14-Nov-2020 05:47:38 UTC] PHP Warning:  file_exists(): open_basedir restriction in effect. File(C:\webspace\tienganhmoingay.com.vn\httpdocs/../storage/framework/maintenance.php) is not within the allowed path(s): (C:/webspace/tienganhmoingay.com.vn\;C:\Windows\Temp\) in C:\webspace\tienganhmoingay.com.vn\httpdocs\index.php on line 19
[14-Nov-2020 05:47:38 UTC] PHP Warning:  require(): open_basedir restriction in effect. File(C:\webspace\tienganhmoingay.com.vn\httpdocs/../vendor/autoload.php) is not within the allowed path(s): (C:/webspace/tienganhmoingay.com.vn\;C:\Windows\Temp\) in C:\webspace\tienganhmoingay.com.vn\httpdocs\index.php on line 34
[14-Nov-2020 05:47:38 UTC] PHP Warning:  require(C:\webspace\tienganhmoingay.com.vn\httpdocs/../vendor/autoload.php): failed to open stream: Operation not permitted in C:\webspace\tienganhmoingay.com.vn\httpdocs\index.php on line 34
[14-Nov-2020 05:47:38 UTC] PHP Fatal error:  require(): Failed opening required 'C:\webspace\tienganhmoingay.com.vn\httpdocs/../vendor/autoload.php' (include_path='.;.\includes;.\pear') in C:\webspace\tienganhmoingay.com.vn\httpdocs\index.php on line 34
[14-Nov-2020 08:20:36 UTC] PHP Warning:  file_exists(): open_basedir restriction in effect. File(C:\webspace\tienganhmoingay.com.vn\httpdocs/../storage/framework/maintenance.php) is not within the allowed path(s): (C:/webspace/tienganhmoingay.com.vn\;C:\Windows\Temp\) in C:\webspace\tienganhmoingay.com.vn\httpdocs\index.php on line 19
[14-Nov-2020 08:20:36 UTC] PHP Warning:  require(): open_basedir restriction in effect. File(C:\webspace\tienganhmoingay.com.vn\httpdocs/../vendor/autoload.php) is not within the allowed path(s): (C:/webspace/tienganhmoingay.com.vn\;C:\Windows\Temp\) in C:\webspace\tienganhmoingay.com.vn\httpdocs\index.php on line 34
[14-Nov-2020 08:20:36 UTC] PHP Warning:  require(C:\webspace\tienganhmoingay.com.vn\httpdocs/../vendor/autoload.php): failed to open stream: Operation not permitted in C:\webspace\tienganhmoingay.com.vn\httpdocs\index.php on line 34
[14-Nov-2020 08:20:36 UTC] PHP Fatal error:  require(): Failed opening required 'C:\webspace\tienganhmoingay.com.vn\httpdocs/../vendor/autoload.php' (include_path='.;.\includes;.\pear') in C:\webspace\tienganhmoingay.com.vn\httpdocs\index.php on line 34
[14-Nov-2020 08:20:38 UTC] PHP Warning:  file_exists(): open_basedir restriction in effect. File(C:\webspace\tienganhmoingay.com.vn\httpdocs/../storage/framework/maintenance.php) is not within the allowed path(s): (C:/webspace/tienganhmoingay.com.vn\;C:\Windows\Temp\) in C:\webspace\tienganhmoingay.com.vn\httpdocs\index.php on line 19
[14-Nov-2020 08:20:38 UTC] PHP Warning:  require(): open_basedir restriction in effect. File(C:\webspace\tienganhmoingay.com.vn\httpdocs/../vendor/autoload.php) is not within the allowed path(s): (C:/webspace/tienganhmoingay.com.vn\;C:\Windows\Temp\) in C:\webspace\tienganhmoingay.com.vn\httpdocs\index.php on line 34
[14-Nov-2020 08:20:38 UTC] PHP Warning:  require(C:\webspace\tienganhmoingay.com.vn\httpdocs/../vendor/autoload.php): failed to open stream: Operation not permitted in C:\webspace\tienganhmoingay.com.vn\httpdocs\index.php on line 34
[14-Nov-2020 08:20:38 UTC] PHP Fatal error:  require(): Failed opening required 'C:\webspace\tienganhmoingay.com.vn\httpdocs/../vendor/autoload.php' (include_path='.;.\includes;.\pear') in C:\webspace\tienganhmoingay.com.vn\httpdocs\index.php on line 34
[14-Nov-2020 08:20:40 UTC] PHP Warning:  file_exists(): open_basedir restriction in effect. File(C:\webspace\tienganhmoingay.com.vn\httpdocs/../storage/framework/maintenance.php) is not within the allowed path(s): (C:/webspace/tienganhmoingay.com.vn\;C:\Windows\Temp\) in C:\webspace\tienganhmoingay.com.vn\httpdocs\index.php on line 19
[14-Nov-2020 08:20:40 UTC] PHP Warning:  require(): open_basedir restriction in effect. File(C:\webspace\tienganhmoingay.com.vn\httpdocs/../vendor/autoload.php) is not within the allowed path(s): (C:/webspace/tienganhmoingay.com.vn\;C:\Windows\Temp\) in C:\webspace\tienganhmoingay.com.vn\httpdocs\index.php on line 34
[14-Nov-2020 08:20:40 UTC] PHP Warning:  require(C:\webspace\tienganhmoingay.com.vn\httpdocs/../vendor/autoload.php): failed to open stream: Operation not permitted in C:\webspace\tienganhmoingay.com.vn\httpdocs\index.php on line 34
[14-Nov-2020 08:20:40 UTC] PHP Fatal error:  require(): Failed opening required 'C:\webspace\tienganhmoingay.com.vn\httpdocs/../vendor/autoload.php' (include_path='.;.\includes;.\pear') in C:\webspace\tienganhmoingay.com.vn\httpdocs\index.php on line 34
[14-Nov-2020 08:23:52 UTC] PHP Warning:  file_exists(): open_basedir restriction in effect. File(C:\webspace\tienganhmoingay.com.vn\httpdocs/../storage/framework/maintenance.php) is not within the allowed path(s): (C:/webspace/tienganhmoingay.com.vn\;C:\Windows\Temp\) in C:\webspace\tienganhmoingay.com.vn\httpdocs\index.php on line 19
[14-Nov-2020 08:23:52 UTC] PHP Warning:  require(): open_basedir restriction in effect. File(C:\webspace\tienganhmoingay.com.vn\httpdocs/../vendor/autoload.php) is not within the allowed path(s): (C:/webspace/tienganhmoingay.com.vn\;C:\Windows\Temp\) in C:\webspace\tienganhmoingay.com.vn\httpdocs\index.php on line 34
[14-Nov-2020 08:23:52 UTC] PHP Warning:  require(C:\webspace\tienganhmoingay.com.vn\httpdocs/../vendor/autoload.php): failed to open stream: Operation not permitted in C:\webspace\tienganhmoingay.com.vn\httpdocs\index.php on line 34
[14-Nov-2020 08:23:52 UTC] PHP Fatal error:  require(): Failed opening required 'C:\webspace\tienganhmoingay.com.vn\httpdocs/../vendor/autoload.php' (include_path='.;.\includes;.\pear') in C:\webspace\tienganhmoingay.com.vn\httpdocs\index.php on line 34
[14-Nov-2020 08:29:03 UTC] PHP Warning:  file_exists(): open_basedir restriction in effect. File(C:\webspace\tienganhmoingay.com.vn\httpdocs/../storage/framework/maintenance.php) is not within the allowed path(s): (C:/webspace/tienganhmoingay.com.vn\;C:\Windows\Temp\) in C:\webspace\tienganhmoingay.com.vn\httpdocs\index.php on line 19
[14-Nov-2020 08:29:03 UTC] PHP Warning:  require(): open_basedir restriction in effect. File(C:\webspace\tienganhmoingay.com.vn\httpdocs/../vendor/autoload.php) is not within the allowed path(s): (C:/webspace/tienganhmoingay.com.vn\;C:\Windows\Temp\) in C:\webspace\tienganhmoingay.com.vn\httpdocs\index.php on line 34
[14-Nov-2020 08:29:03 UTC] PHP Warning:  require(C:\webspace\tienganhmoingay.com.vn\httpdocs/../vendor/autoload.php): failed to open stream: Operation not permitted in C:\webspace\tienganhmoingay.com.vn\httpdocs\index.php on line 34
[14-Nov-2020 08:29:03 UTC] PHP Fatal error:  require(): Failed opening required 'C:\webspace\tienganhmoingay.com.vn\httpdocs/../vendor/autoload.php' (include_path='.;.\includes;.\pear') in C:\webspace\tienganhmoingay.com.vn\httpdocs\index.php on line 34
[14-Nov-2020 08:29:58 UTC] PHP Warning:  file_exists(): open_basedir restriction in effect. File(C:\webspace\tienganhmoingay.com.vn\httpdocs/../storage/framework/maintenance.php) is not within the allowed path(s): (C:/webspace/tienganhmoingay.com.vn\;C:\Windows\Temp\) in C:\webspace\tienganhmoingay.com.vn\httpdocs\index.php on line 19
[14-Nov-2020 08:29:58 UTC] PHP Warning:  require(): open_basedir restriction in effect. File(C:\webspace\tienganhmoingay.com.vn\httpdocs/../vendor/autoload.php) is not within the allowed path(s): (C:/webspace/tienganhmoingay.com.vn\;C:\Windows\Temp\) in C:\webspace\tienganhmoingay.com.vn\httpdocs\index.php on line 34
[14-Nov-2020 08:29:58 UTC] PHP Warning:  require(C:\webspace\tienganhmoingay.com.vn\httpdocs/../vendor/autoload.php): failed to open stream: Operation not permitted in C:\webspace\tienganhmoingay.com.vn\httpdocs\index.php on line 34
[14-Nov-2020 08:29:58 UTC] PHP Fatal error:  require(): Failed opening required 'C:\webspace\tienganhmoingay.com.vn\httpdocs/../vendor/autoload.php' (include_path='.;.\includes;.\pear') in C:\webspace\tienganhmoingay.com.vn\httpdocs\index.php on line 34
[14-Nov-2020 08:57:52 UTC] PHP Warning:  file_exists(): open_basedir restriction in effect. File(C:\webspace\tienganhmoingay.com.vn\httpdocs/../storage/framework/maintenance.php) is not within the allowed path(s): (C:/webspace/tienganhmoingay.com.vn\;C:\Windows\Temp\) in C:\webspace\tienganhmoingay.com.vn\httpdocs\index.php on line 19
[14-Nov-2020 08:57:52 UTC] PHP Warning:  require(): open_basedir restriction in effect. File(C:\webspace\tienganhmoingay.com.vn\httpdocs/../vendor/autoload.php) is not within the allowed path(s): (C:/webspace/tienganhmoingay.com.vn\;C:\Windows\Temp\) in C:\webspace\tienganhmoingay.com.vn\httpdocs\index.php on line 34
[14-Nov-2020 08:57:52 UTC] PHP Warning:  require(C:\webspace\tienganhmoingay.com.vn\httpdocs/../vendor/autoload.php): failed to open stream: Operation not permitted in C:\webspace\tienganhmoingay.com.vn\httpdocs\index.php on line 34
[14-Nov-2020 08:57:52 UTC] PHP Fatal error:  require(): Failed opening required 'C:\webspace\tienganhmoingay.com.vn\httpdocs/../vendor/autoload.php' (include_path='.;.\includes;.\pear') in C:\webspace\tienganhmoingay.com.vn\httpdocs\index.php on line 34
[14-Nov-2020 09:57:24 UTC] PHP Warning:  file_exists(): open_basedir restriction in effect. File(C:\webspace\tienganhmoingay.com.vn\httpdocs/../storage/framework/maintenance.php) is not within the allowed path(s): (C:/webspace/tienganhmoingay.com.vn\;C:\Windows\Temp\) in C:\webspace\tienganhmoingay.com.vn\httpdocs\index.php on line 19
[14-Nov-2020 09:57:24 UTC] PHP Warning:  require(): open_basedir restriction in effect. File(C:\webspace\tienganhmoingay.com.vn\httpdocs/../vendor/autoload.php) is not within the allowed path(s): (C:/webspace/tienganhmoingay.com.vn\;C:\Windows\Temp\) in C:\webspace\tienganhmoingay.com.vn\httpdocs\index.php on line 34
[14-Nov-2020 09:57:24 UTC] PHP Warning:  require(C:\webspace\tienganhmoingay.com.vn\httpdocs/../vendor/autoload.php): failed to open stream: Operation not permitted in C:\webspace\tienganhmoingay.com.vn\httpdocs\index.php on line 34
[14-Nov-2020 09:57:24 UTC] PHP Fatal error:  require(): Failed opening required 'C:\webspace\tienganhmoingay.com.vn\httpdocs/../vendor/autoload.php' (include_path='.;.\includes;.\pear') in C:\webspace\tienganhmoingay.com.vn\httpdocs\index.php on line 34
[14-Nov-2020 10:06:06 UTC] PHP Warning:  file_exists(): open_basedir restriction in effect. File(C:\webspace\tienganhmoingay.com.vn\httpdocs/../storage/framework/maintenance.php) is not within the allowed path(s): (C:/webspace/tienganhmoingay.com.vn\;C:\Windows\Temp\) in C:\webspace\tienganhmoingay.com.vn\httpdocs\index.php on line 19
[14-Nov-2020 10:06:06 UTC] PHP Warning:  require(): open_basedir restriction in effect. File(C:\webspace\tienganhmoingay.com.vn\httpdocs/../vendor/autoload.php) is not within the allowed path(s): (C:/webspace/tienganhmoingay.com.vn\;C:\Windows\Temp\) in C:\webspace\tienganhmoingay.com.vn\httpdocs\index.php on line 34
[14-Nov-2020 10:06:06 UTC] PHP Warning:  require(C:\webspace\tienganhmoingay.com.vn\httpdocs/../vendor/autoload.php): failed to open stream: Operation not permitted in C:\webspace\tienganhmoingay.com.vn\httpdocs\index.php on line 34
[14-Nov-2020 10:06:06 UTC] PHP Fatal error:  require(): Failed opening required 'C:\webspace\tienganhmoingay.com.vn\httpdocs/../vendor/autoload.php' (include_path='.;.\includes;.\pear') in C:\webspace\tienganhmoingay.com.vn\httpdocs\index.php on line 34
[14-Nov-2020 10:07:34 UTC] PHP Warning:  file_exists(): open_basedir restriction in effect. File(C:\webspace\tienganhmoingay.com.vn\httpdocs/../storage/framework/maintenance.php) is not within the allowed path(s): (C:/webspace/tienganhmoingay.com.vn\;C:\Windows\Temp\) in C:\webspace\tienganhmoingay.com.vn\httpdocs\index.php on line 19
[14-Nov-2020 10:07:34 UTC] PHP Warning:  require(): open_basedir restriction in effect. File(C:\webspace\tienganhmoingay.com.vn\httpdocs/../vendor/autoload.php) is not within the allowed path(s): (C:/webspace/tienganhmoingay.com.vn\;C:\Windows\Temp\) in C:\webspace\tienganhmoingay.com.vn\httpdocs\index.php on line 34
[14-Nov-2020 10:07:34 UTC] PHP Warning:  require(C:\webspace\tienganhmoingay.com.vn\httpdocs/../vendor/autoload.php): failed to open stream: Operation not permitted in C:\webspace\tienganhmoingay.com.vn\httpdocs\index.php on line 34
[14-Nov-2020 10:07:34 UTC] PHP Fatal error:  require(): Failed opening required 'C:\webspace\tienganhmoingay.com.vn\httpdocs/../vendor/autoload.php' (include_path='.;.\includes;.\pear') in C:\webspace\tienganhmoingay.com.vn\httpdocs\index.php on line 34
[14-Nov-2020 10:07:35 UTC] PHP Warning:  file_exists(): open_basedir restriction in effect. File(C:\webspace\tienganhmoingay.com.vn\httpdocs/../storage/framework/maintenance.php) is not within the allowed path(s): (C:/webspace/tienganhmoingay.com.vn\;C:\Windows\Temp\) in C:\webspace\tienganhmoingay.com.vn\httpdocs\index.php on line 19
[14-Nov-2020 10:07:35 UTC] PHP Warning:  require(): open_basedir restriction in effect. File(C:\webspace\tienganhmoingay.com.vn\httpdocs/../vendor/autoload.php) is not within the allowed path(s): (C:/webspace/tienganhmoingay.com.vn\;C:\Windows\Temp\) in C:\webspace\tienganhmoingay.com.vn\httpdocs\index.php on line 34
[14-Nov-2020 10:07:35 UTC] PHP Warning:  require(C:\webspace\tienganhmoingay.com.vn\httpdocs/../vendor/autoload.php): failed to open stream: Operation not permitted in C:\webspace\tienganhmoingay.com.vn\httpdocs\index.php on line 34
[14-Nov-2020 10:07:35 UTC] PHP Fatal error:  require(): Failed opening required 'C:\webspace\tienganhmoingay.com.vn\httpdocs/../vendor/autoload.php' (include_path='.;.\includes;.\pear') in C:\webspace\tienganhmoingay.com.vn\httpdocs\index.php on line 34
[14-Nov-2020 10:14:52 UTC] PHP Warning:  file_exists(): open_basedir restriction in effect. File(C:\webspace\tienganhmoingay.com.vn\httpdocs/../storage/framework/maintenance.php) is not within the allowed path(s): (C:/webspace/tienganhmoingay.com.vn\;C:\Windows\Temp\) in C:\webspace\tienganhmoingay.com.vn\httpdocs\index.php on line 19
[14-Nov-2020 10:14:52 UTC] PHP Warning:  require(): open_basedir restriction in effect. File(C:\webspace\tienganhmoingay.com.vn\httpdocs/../vendor/autoload.php) is not within the allowed path(s): (C:/webspace/tienganhmoingay.com.vn\;C:\Windows\Temp\) in C:\webspace\tienganhmoingay.com.vn\httpdocs\index.php on line 34
[14-Nov-2020 10:14:52 UTC] PHP Warning:  require(C:\webspace\tienganhmoingay.com.vn\httpdocs/../vendor/autoload.php): failed to open stream: Operation not permitted in C:\webspace\tienganhmoingay.com.vn\httpdocs\index.php on line 34
[14-Nov-2020 10:14:52 UTC] PHP Fatal error:  require(): Failed opening required 'C:\webspace\tienganhmoingay.com.vn\httpdocs/../vendor/autoload.php' (include_path='.;.\includes;.\pear') in C:\webspace\tienganhmoingay.com.vn\httpdocs\index.php on line 34
[14-Nov-2020 13:17:12 UTC] PHP Warning:  file_exists(): open_basedir restriction in effect. File(C:\webspace\tienganhmoingay.com.vn\httpdocs/../storage/framework/maintenance.php) is not within the allowed path(s): (C:/webspace/tienganhmoingay.com.vn\;C:\Windows\Temp\) in C:\webspace\tienganhmoingay.com.vn\httpdocs\index.php on line 19
[14-Nov-2020 13:17:12 UTC] PHP Warning:  require(): open_basedir restriction in effect. File(C:\webspace\tienganhmoingay.com.vn\httpdocs/../vendor/autoload.php) is not within the allowed path(s): (C:/webspace/tienganhmoingay.com.vn\;C:\Windows\Temp\) in C:\webspace\tienganhmoingay.com.vn\httpdocs\index.php on line 34
[14-Nov-2020 13:17:12 UTC] PHP Warning:  require(C:\webspace\tienganhmoingay.com.vn\httpdocs/../vendor/autoload.php): failed to open stream: Operation not permitted in C:\webspace\tienganhmoingay.com.vn\httpdocs\index.php on line 34
[14-Nov-2020 13:17:12 UTC] PHP Fatal error:  require(): Failed opening required 'C:\webspace\tienganhmoingay.com.vn\httpdocs/../vendor/autoload.php' (include_path='.;.\includes;.\pear') in C:\webspace\tienganhmoingay.com.vn\httpdocs\index.php on line 34
[14-Nov-2020 13:23:35 UTC] PHP Warning:  file_exists(): open_basedir restriction in effect. File(C:\webspace\tienganhmoingay.com.vn\httpdocs/../storage/framework/maintenance.php) is not within the allowed path(s): (C:/webspace/tienganhmoingay.com.vn\;C:\Windows\Temp\) in C:\webspace\tienganhmoingay.com.vn\httpdocs\index.php on line 19
[14-Nov-2020 13:23:35 UTC] PHP Warning:  require(): open_basedir restriction in effect. File(C:\webspace\tienganhmoingay.com.vn\httpdocs/../vendor/autoload.php) is not within the allowed path(s): (C:/webspace/tienganhmoingay.com.vn\;C:\Windows\Temp\) in C:\webspace\tienganhmoingay.com.vn\httpdocs\index.php on line 34
[14-Nov-2020 13:23:35 UTC] PHP Warning:  require(C:\webspace\tienganhmoingay.com.vn\httpdocs/../vendor/autoload.php): failed to open stream: Operation not permitted in C:\webspace\tienganhmoingay.com.vn\httpdocs\index.php on line 34
[14-Nov-2020 13:23:35 UTC] PHP Fatal error:  require(): Failed opening required 'C:\webspace\tienganhmoingay.com.vn\httpdocs/../vendor/autoload.php' (include_path='.;.\includes;.\pear') in C:\webspace\tienganhmoingay.com.vn\httpdocs\index.php on line 34
[15-Nov-2020 03:06:46 UTC] PHP Warning:  file_exists(): open_basedir restriction in effect. File(C:\webspace\tienganhmoingay.com.vn\httpdocs/../storage/framework/maintenance.php) is not within the allowed path(s): (C:/webspace/tienganhmoingay.com.vn\;C:\Windows\Temp\) in C:\webspace\tienganhmoingay.com.vn\httpdocs\index.php on line 19
[15-Nov-2020 03:06:46 UTC] PHP Warning:  require(): open_basedir restriction in effect. File(C:\webspace\tienganhmoingay.com.vn\httpdocs/../vendor/autoload.php) is not within the allowed path(s): (C:/webspace/tienganhmoingay.com.vn\;C:\Windows\Temp\) in C:\webspace\tienganhmoingay.com.vn\httpdocs\index.php on line 34
[15-Nov-2020 03:06:46 UTC] PHP Warning:  require(C:\webspace\tienganhmoingay.com.vn\httpdocs/../vendor/autoload.php): failed to open stream: Operation not permitted in C:\webspace\tienganhmoingay.com.vn\httpdocs\index.php on line 34
[15-Nov-2020 03:06:46 UTC] PHP Fatal error:  require(): Failed opening required 'C:\webspace\tienganhmoingay.com.vn\httpdocs/../vendor/autoload.php' (include_path='.;.\includes;.\pear') in C:\webspace\tienganhmoingay.com.vn\httpdocs\index.php on line 34
[15-Nov-2020 11:48:06 UTC] PHP Warning:  file_exists(): open_basedir restriction in effect. File(C:\webspace\tienganhmoingay.com.vn\httpdocs/../storage/framework/maintenance.php) is not within the allowed path(s): (C:/webspace/tienganhmoingay.com.vn\;C:\Windows\Temp\) in C:\webspace\tienganhmoingay.com.vn\httpdocs\index.php on line 19
[15-Nov-2020 11:48:06 UTC] PHP Warning:  require(): open_basedir restriction in effect. File(C:\webspace\tienganhmoingay.com.vn\httpdocs/../vendor/autoload.php) is not within the allowed path(s): (C:/webspace/tienganhmoingay.com.vn\;C:\Windows\Temp\) in C:\webspace\tienganhmoingay.com.vn\httpdocs\index.php on line 34
[15-Nov-2020 11:48:06 UTC] PHP Warning:  require(C:\webspace\tienganhmoingay.com.vn\httpdocs/../vendor/autoload.php): failed to open stream: Operation not permitted in C:\webspace\tienganhmoingay.com.vn\httpdocs\index.php on line 34
[15-Nov-2020 11:48:06 UTC] PHP Fatal error:  require(): Failed opening required 'C:\webspace\tienganhmoingay.com.vn\httpdocs/../vendor/autoload.php' (include_path='.;.\includes;.\pear') in C:\webspace\tienganhmoingay.com.vn\httpdocs\index.php on line 34
